{"/Users/darrellshack/Downloads/darrell_challenge/api/users.js": {"path":"/Users/darrellshack/Downloads/darrell_challenge/api/users.js","statementMap":{"0":{"start":{"line":1,"column":19},"end":{"line":1,"column":45}},"1":{"start":{"line":2,"column":16},"end":{"line":2,"column":34}},"2":{"start":{"line":3,"column":11},"end":{"line":3,"column":31}},"3":{"start":{"line":4,"column":19},"end":{"line":4,"column":47}},"4":{"start":{"line":5,"column":14},"end":{"line":5,"column":37}},"5":{"start":{"line":7,"column":12},"end":{"line":7,"column":21}},"6":{"start":{"line":8,"column":0},"end":{"line":13,"column":2}},"7":{"start":{"line":10,"column":2},"end":{"line":10,"column":48}},"8":{"start":{"line":11,"column":2},"end":{"line":11,"column":54}},"9":{"start":{"line":12,"column":2},"end":{"line":12,"column":8}},"10":{"start":{"line":17,"column":0},"end":{"line":20,"column":3}},"11":{"start":{"line":18,"column":15},"end":{"line":18,"column":49}},"12":{"start":{"line":19,"column":2},"end":{"line":19,"column":23}},"13":{"start":{"line":22,"column":0},"end":{"line":25,"column":3}},"14":{"start":{"line":23,"column":15},"end":{"line":23,"column":32}},"15":{"start":{"line":24,"column":2},"end":{"line":24,"column":23}},"16":{"start":{"line":27,"column":0},"end":{"line":27,"column":31}},"17":{"start":{"line":29,"column":16},"end":{"line":33,"column":2}},"18":{"start":{"line":31,"column":4},"end":{"line":31,"column":46}},"19":{"start":{"line":31,"column":25},"end":{"line":31,"column":46}},"20":{"start":{"line":35,"column":0},"end":{"line":45,"column":1}},"21":{"start":{"line":36,"column":2},"end":{"line":36,"column":50}},"22":{"start":{"line":36,"column":44},"end":{"line":36,"column":50}},"23":{"start":{"line":37,"column":2},"end":{"line":37,"column":29}},"24":{"start":{"line":39,"column":2},"end":{"line":43,"column":3}},"25":{"start":{"line":40,"column":4},"end":{"line":40,"column":39}},"26":{"start":{"line":42,"column":4},"end":{"line":42,"column":13}},"27":{"start":{"line":44,"column":2},"end":{"line":44,"column":12}}},"fnMap":{"0":{"name":"(anonymous_0)","decl":{"start":{"line":8,"column":8},"end":{"line":8,"column":9}},"loc":{"start":{"line":8,"column":28},"end":{"line":13,"column":1}},"line":8},"1":{"name":"(anonymous_1)","decl":{"start":{"line":17,"column":46},"end":{"line":17,"column":47}},"loc":{"start":{"line":17,"column":72},"end":{"line":20,"column":1}},"line":17},"2":{"name":"(anonymous_2)","decl":{"start":{"line":22,"column":42},"end":{"line":22,"column":43}},"loc":{"start":{"line":22,"column":68},"end":{"line":25,"column":1}},"line":22},"3":{"name":"(anonymous_3)","decl":{"start":{"line":30,"column":2},"end":{"line":30,"column":3}},"loc":{"start":{"line":30,"column":23},"end":{"line":32,"column":3}},"line":30},"4":{"name":"(anonymous_4)","decl":{"start":{"line":35,"column":25},"end":{"line":35,"column":26}},"loc":{"start":{"line":35,"column":51},"end":{"line":45,"column":1}},"line":35}},"branchMap":{"0":{"loc":{"start":{"line":31,"column":4},"end":{"line":31,"column":46}},"type":"if","locations":[{"start":{"line":31,"column":4},"end":{"line":31,"column":46}},{"start":{"line":31,"column":4},"end":{"line":31,"column":46}}],"line":31},"1":{"loc":{"start":{"line":36,"column":2},"end":{"line":36,"column":50}},"type":"if","locations":[{"start":{"line":36,"column":2},"end":{"line":36,"column":50}},{"start":{"line":36,"column":2},"end":{"line":36,"column":50}}],"line":36},"2":{"loc":{"start":{"line":36,"column":6},"end":{"line":36,"column":42}},"type":"binary-expr","locations":[{"start":{"line":36,"column":6},"end":{"line":36,"column":12}},{"start":{"line":36,"column":16},"end":{"line":36,"column":42}}],"line":36}},"s":{"0":1,"1":1,"2":1,"3":1,"4":1,"5":1,"6":1,"7":4,"8":4,"9":4,"10":1,"11":3,"12":1,"13":1,"14":1,"15":1,"16":1,"17":1,"18":4,"19":1,"20":1,"21":5,"22":1,"23":4,"24":4,"25":4,"26":4,"27":3},"f":{"0":4,"1":3,"2":1,"3":4,"4":5},"b":{"0":[1,3],"1":[1,4],"2":[5,4]},"_coverageSchema":"1a1c01bbd47fc00a2c39e90264f33305004495a9","hash":"7dcf978eb3590213d7a6018619c2c175345465a0"}
,"/Users/darrellshack/Downloads/darrell_challenge/src/db.js": {"path":"/Users/darrellshack/Downloads/darrell_challenge/src/db.js","statementMap":{"0":{"start":{"line":1,"column":12},"end":{"line":1,"column":30}},"1":{"start":{"line":2,"column":13},"end":{"line":2,"column":28}},"2":{"start":{"line":3,"column":13},"end":{"line":3,"column":28}},"3":{"start":{"line":4,"column":17},"end":{"line":4,"column":36}},"4":{"start":{"line":17,"column":2},"end":{"line":17,"column":77}},"5":{"start":{"line":17,"column":13},"end":{"line":17,"column":77}},"6":{"start":{"line":18,"column":19},"end":{"line":18,"column":32}},"7":{"start":{"line":19,"column":17},"end":{"line":19,"column":49}},"8":{"start":{"line":20,"column":17},"end":{"line":20,"column":41}},"9":{"start":{"line":21,"column":26},"end":{"line":21,"column":58}},"10":{"start":{"line":22,"column":29},"end":{"line":26,"column":3}},"11":{"start":{"line":27,"column":23},"end":{"line":27,"column":47}},"12":{"start":{"line":28,"column":2},"end":{"line":37,"column":6}},"13":{"start":{"line":30,"column":6},"end":{"line":32,"column":7}},"14":{"start":{"line":31,"column":8},"end":{"line":31,"column":32}},"15":{"start":{"line":33,"column":6},"end":{"line":33,"column":154}},"16":{"start":{"line":36,"column":6},"end":{"line":36,"column":35}},"17":{"start":{"line":47,"column":2},"end":{"line":47,"column":70}},"18":{"start":{"line":47,"column":13},"end":{"line":47,"column":70}},"19":{"start":{"line":48,"column":22},"end":{"line":53,"column":4}},"20":{"start":{"line":54,"column":2},"end":{"line":54,"column":31}},"21":{"start":{"line":55,"column":14},"end":{"line":55,"column":48}},"22":{"start":{"line":56,"column":2},"end":{"line":56,"column":18}},"23":{"start":{"line":57,"column":2},"end":{"line":57,"column":34}},"24":{"start":{"line":61,"column":2},"end":{"line":61,"column":42}},"25":{"start":{"line":61,"column":19},"end":{"line":61,"column":42}},"26":{"start":{"line":65,"column":2},"end":{"line":65,"column":78}},"27":{"start":{"line":65,"column":28},"end":{"line":65,"column":78}},"28":{"start":{"line":66,"column":2},"end":{"line":66,"column":78}},"29":{"start":{"line":66,"column":28},"end":{"line":66,"column":78}},"30":{"start":{"line":67,"column":2},"end":{"line":67,"column":78}},"31":{"start":{"line":67,"column":28},"end":{"line":67,"column":78}},"32":{"start":{"line":68,"column":2},"end":{"line":68,"column":78}},"33":{"start":{"line":68,"column":28},"end":{"line":68,"column":78}},"34":{"start":{"line":69,"column":2},"end":{"line":69,"column":78}},"35":{"start":{"line":69,"column":28},"end":{"line":69,"column":78}},"36":{"start":{"line":71,"column":15},"end":{"line":71,"column":34}},"37":{"start":{"line":72,"column":15},"end":{"line":72,"column":34}},"38":{"start":{"line":73,"column":15},"end":{"line":73,"column":34}},"39":{"start":{"line":74,"column":15},"end":{"line":74,"column":34}},"40":{"start":{"line":75,"column":15},"end":{"line":75,"column":34}},"41":{"start":{"line":77,"column":2},"end":{"line":89,"column":4}},"42":{"start":{"line":91,"column":2},"end":{"line":91,"column":20}},"43":{"start":{"line":95,"column":2},"end":{"line":95,"column":86}},"44":{"start":{"line":95,"column":20},"end":{"line":95,"column":86}},"45":{"start":{"line":96,"column":2},"end":{"line":96,"column":20}},"46":{"start":{"line":99,"column":0},"end":{"line":105,"column":1}}},"fnMap":{"0":{"name":"createIfNotExists","decl":{"start":{"line":16,"column":9},"end":{"line":16,"column":26}},"loc":{"start":{"line":16,"column":34},"end":{"line":38,"column":1}},"line":16},"1":{"name":"(anonymous_1)","decl":{"start":{"line":29,"column":10},"end":{"line":29,"column":11}},"loc":{"start":{"line":29,"column":22},"end":{"line":34,"column":5}},"line":29},"2":{"name":"(anonymous_2)","decl":{"start":{"line":35,"column":10},"end":{"line":35,"column":11}},"loc":{"start":{"line":35,"column":16},"end":{"line":37,"column":5}},"line":35},"3":{"name":"migrate","decl":{"start":{"line":45,"column":15},"end":{"line":45,"column":22}},"loc":{"start":{"line":45,"column":30},"end":{"line":58,"column":1}},"line":45},"4":{"name":"down","decl":{"start":{"line":60,"column":15},"end":{"line":60,"column":19}},"loc":{"start":{"line":60,"column":23},"end":{"line":62,"column":1}},"line":60},"5":{"name":"createConnection","decl":{"start":{"line":64,"column":15},"end":{"line":64,"column":31}},"loc":{"start":{"line":64,"column":35},"end":{"line":92,"column":1}},"line":64},"6":{"name":"getConnection","decl":{"start":{"line":94,"column":9},"end":{"line":94,"column":22}},"loc":{"start":{"line":94,"column":26},"end":{"line":97,"column":1}},"line":94}},"branchMap":{"0":{"loc":{"start":{"line":17,"column":2},"end":{"line":17,"column":77}},"type":"if","locations":[{"start":{"line":17,"column":2},"end":{"line":17,"column":77}},{"start":{"line":17,"column":2},"end":{"line":17,"column":77}}],"line":17},"1":{"loc":{"start":{"line":30,"column":6},"end":{"line":32,"column":7}},"type":"if","locations":[{"start":{"line":30,"column":6},"end":{"line":32,"column":7}},{"start":{"line":30,"column":6},"end":{"line":32,"column":7}}],"line":30},"2":{"loc":{"start":{"line":30,"column":10},"end":{"line":30,"column":53}},"type":"binary-expr","locations":[{"start":{"line":30,"column":10},"end":{"line":30,"column":16}},{"start":{"line":30,"column":20},"end":{"line":30,"column":31}},{"start":{"line":30,"column":35},"end":{"line":30,"column":53}}],"line":30},"3":{"loc":{"start":{"line":47,"column":2},"end":{"line":47,"column":70}},"type":"if","locations":[{"start":{"line":47,"column":2},"end":{"line":47,"column":70}},{"start":{"line":47,"column":2},"end":{"line":47,"column":70}}],"line":47},"4":{"loc":{"start":{"line":61,"column":2},"end":{"line":61,"column":42}},"type":"if","locations":[{"start":{"line":61,"column":2},"end":{"line":61,"column":42}},{"start":{"line":61,"column":2},"end":{"line":61,"column":42}}],"line":61},"5":{"loc":{"start":{"line":65,"column":2},"end":{"line":65,"column":78}},"type":"if","locations":[{"start":{"line":65,"column":2},"end":{"line":65,"column":78}},{"start":{"line":65,"column":2},"end":{"line":65,"column":78}}],"line":65},"6":{"loc":{"start":{"line":66,"column":2},"end":{"line":66,"column":78}},"type":"if","locations":[{"start":{"line":66,"column":2},"end":{"line":66,"column":78}},{"start":{"line":66,"column":2},"end":{"line":66,"column":78}}],"line":66},"7":{"loc":{"start":{"line":67,"column":2},"end":{"line":67,"column":78}},"type":"if","locations":[{"start":{"line":67,"column":2},"end":{"line":67,"column":78}},{"start":{"line":67,"column":2},"end":{"line":67,"column":78}}],"line":67},"8":{"loc":{"start":{"line":68,"column":2},"end":{"line":68,"column":78}},"type":"if","locations":[{"start":{"line":68,"column":2},"end":{"line":68,"column":78}},{"start":{"line":68,"column":2},"end":{"line":68,"column":78}}],"line":68},"9":{"loc":{"start":{"line":69,"column":2},"end":{"line":69,"column":78}},"type":"if","locations":[{"start":{"line":69,"column":2},"end":{"line":69,"column":78}},{"start":{"line":69,"column":2},"end":{"line":69,"column":78}}],"line":69},"10":{"loc":{"start":{"line":95,"column":2},"end":{"line":95,"column":86}},"type":"if","locations":[{"start":{"line":95,"column":2},"end":{"line":95,"column":86}},{"start":{"line":95,"column":2},"end":{"line":95,"column":86}}],"line":95}},"s":{"0":4,"1":4,"2":4,"3":4,"4":6,"5":1,"6":5,"7":5,"8":5,"9":5,"10":5,"11":5,"12":5,"13":5,"14":1,"15":4,"16":5,"17":4,"18":1,"19":3,"20":3,"21":3,"22":2,"23":2,"24":3,"25":3,"26":3,"27":0,"28":3,"29":0,"30":3,"31":0,"32":3,"33":0,"34":3,"35":0,"36":3,"37":3,"38":3,"39":3,"40":3,"41":3,"42":3,"43":5,"44":0,"45":5,"46":4},"f":{"0":6,"1":5,"2":5,"3":4,"4":3,"5":3,"6":5},"b":{"0":[1,5],"1":[1,4],"2":[5,4,4],"3":[1,3],"4":[3,0],"5":[0,3],"6":[0,3],"7":[0,3],"8":[0,3],"9":[0,3],"10":[0,5]},"_coverageSchema":"1a1c01bbd47fc00a2c39e90264f33305004495a9","hash":"be8ec16b959bf585017a78d7b8f5f56ffc7d61d6"}
,"/Users/darrellshack/Downloads/darrell_challenge/src/middleware.js": {"path":"/Users/darrellshack/Downloads/darrell_challenge/src/middleware.js","statementMap":{"0":{"start":{"line":1,"column":0},"end":{"line":12,"column":1}},"1":{"start":{"line":3,"column":4},"end":{"line":5,"column":5}},"2":{"start":{"line":4,"column":6},"end":{"line":4,"column":57}},"3":{"start":{"line":6,"column":4},"end":{"line":6,"column":25}},"4":{"start":{"line":7,"column":4},"end":{"line":7,"column":13}},"5":{"start":{"line":9,"column":22},"end":{"line":11,"column":3}},"6":{"start":{"line":10,"column":4},"end":{"line":10,"column":51}}},"fnMap":{"0":{"name":"(anonymous_0)","decl":{"start":{"line":2,"column":15},"end":{"line":2,"column":16}},"loc":{"start":{"line":2,"column":46},"end":{"line":8,"column":3}},"line":2},"1":{"name":"(anonymous_1)","decl":{"start":{"line":9,"column":16},"end":{"line":9,"column":17}},"loc":{"start":{"line":9,"column":22},"end":{"line":11,"column":3}},"line":9},"2":{"name":"(anonymous_2)","decl":{"start":{"line":9,"column":22},"end":{"line":9,"column":23}},"loc":{"start":{"line":9,"column":42},"end":{"line":11,"column":3}},"line":9}},"branchMap":{"0":{"loc":{"start":{"line":3,"column":4},"end":{"line":5,"column":5}},"type":"if","locations":[{"start":{"line":3,"column":4},"end":{"line":5,"column":5}},{"start":{"line":3,"column":4},"end":{"line":5,"column":5}}],"line":3},"1":{"loc":{"start":{"line":3,"column":8},"end":{"line":3,"column":81}},"type":"binary-expr","locations":[{"start":{"line":3,"column":8},"end":{"line":3,"column":11}},{"start":{"line":3,"column":15},"end":{"line":3,"column":29}},{"start":{"line":3,"column":33},"end":{"line":3,"column":44}},{"start":{"line":3,"column":48},"end":{"line":3,"column":81}}],"line":3}},"s":{"0":1,"1":2,"2":1,"3":1,"4":1,"5":2,"6":4},"f":{"0":2,"1":2,"2":4},"b":{"0":[1,1],"1":[2,2,1,1]},"_coverageSchema":"1a1c01bbd47fc00a2c39e90264f33305004495a9","hash":"1fe0b6df17efbb56359eb8ddb026116f142b4ab9"}
,"/Users/darrellshack/Downloads/darrell_challenge/src/users.js": {"path":"/Users/darrellshack/Downloads/darrell_challenge/src/users.js","statementMap":{"0":{"start":{"line":1,"column":13},"end":{"line":1,"column":37}},"1":{"start":{"line":2,"column":19},"end":{"line":2,"column":41}},"2":{"start":{"line":4,"column":24},"end":{"line":8,"column":2}},"3":{"start":{"line":10,"column":22},"end":{"line":14,"column":2}},"4":{"start":{"line":17,"column":2},"end":{"line":17,"column":19}},"5":{"start":{"line":21,"column":2},"end":{"line":21,"column":59}},"6":{"start":{"line":21,"column":15},"end":{"line":21,"column":59}},"7":{"start":{"line":22,"column":15},"end":{"line":22,"column":41}},"8":{"start":{"line":23,"column":2},"end":{"line":23,"column":34}},"9":{"start":{"line":23,"column":13},"end":{"line":23,"column":34}},"10":{"start":{"line":24,"column":2},"end":{"line":24,"column":13}},"11":{"start":{"line":27,"column":0},"end":{"line":30,"column":1}}},"fnMap":{"0":{"name":"get","decl":{"start":{"line":16,"column":15},"end":{"line":16,"column":18}},"loc":{"start":{"line":16,"column":22},"end":{"line":18,"column":1}},"line":16},"1":{"name":"getById","decl":{"start":{"line":20,"column":15},"end":{"line":20,"column":22}},"loc":{"start":{"line":20,"column":32},"end":{"line":25,"column":1}},"line":20}},"branchMap":{"0":{"loc":{"start":{"line":21,"column":2},"end":{"line":21,"column":59}},"type":"if","locations":[{"start":{"line":21,"column":2},"end":{"line":21,"column":59}},{"start":{"line":21,"column":2},"end":{"line":21,"column":59}}],"line":21},"1":{"loc":{"start":{"line":23,"column":2},"end":{"line":23,"column":34}},"type":"if","locations":[{"start":{"line":23,"column":2},"end":{"line":23,"column":34}},{"start":{"line":23,"column":2},"end":{"line":23,"column":34}}],"line":23}},"s":{"0":2,"1":2,"2":2,"3":2,"4":1,"5":3,"6":1,"7":2,"8":2,"9":1,"10":1,"11":2},"f":{"0":1,"1":3},"b":{"0":[1,2],"1":[1,1]},"_coverageSchema":"1a1c01bbd47fc00a2c39e90264f33305004495a9","hash":"5520df33e35c46c18cad98c77189b70404d4a990"}
,"/Users/darrellshack/Downloads/darrell_challenge/src/models/user.js": {"path":"/Users/darrellshack/Downloads/darrell_challenge/src/models/user.js","statementMap":{"0":{"start":{"line":1,"column":11},"end":{"line":1,"column":27}},"1":{"start":{"line":5,"column":16},"end":{"line":5,"column":34}},"2":{"start":{"line":6,"column":19},"end":{"line":6,"column":66}},"3":{"start":{"line":7,"column":4},"end":{"line":7,"column":21}},"4":{"start":{"line":7,"column":15},"end":{"line":7,"column":21}},"5":{"start":{"line":8,"column":14},"end":{"line":8,"column":24}},"6":{"start":{"line":9,"column":4},"end":{"line":9,"column":40}},"7":{"start":{"line":13,"column":16},"end":{"line":13,"column":34}},"8":{"start":{"line":14,"column":18},"end":{"line":14,"column":48}},"9":{"start":{"line":15,"column":4},"end":{"line":15,"column":62}},"10":{"start":{"line":15,"column":26},"end":{"line":15,"column":61}},"11":{"start":{"line":19,"column":0},"end":{"line":19,"column":21}}},"fnMap":{"0":{"name":"(anonymous_0)","decl":{"start":{"line":4,"column":2},"end":{"line":4,"column":3}},"loc":{"start":{"line":4,"column":28},"end":{"line":10,"column":3}},"line":4},"1":{"name":"(anonymous_1)","decl":{"start":{"line":12,"column":2},"end":{"line":12,"column":3}},"loc":{"start":{"line":12,"column":22},"end":{"line":16,"column":3}},"line":12},"2":{"name":"(anonymous_2)","decl":{"start":{"line":15,"column":21},"end":{"line":15,"column":22}},"loc":{"start":{"line":15,"column":26},"end":{"line":15,"column":61}},"line":15}},"branchMap":{"0":{"loc":{"start":{"line":7,"column":4},"end":{"line":7,"column":21}},"type":"if","locations":[{"start":{"line":7,"column":4},"end":{"line":7,"column":21}},{"start":{"line":7,"column":4},"end":{"line":7,"column":21}}],"line":7}},"s":{"0":3,"1":2,"2":2,"3":2,"4":1,"5":1,"6":1,"7":1,"8":1,"9":1,"10":1,"11":3},"f":{"0":2,"1":1,"2":1},"b":{"0":[1,1]},"_coverageSchema":"1a1c01bbd47fc00a2c39e90264f33305004495a9","hash":"8d55490d773bbe6a76c711136924580766b665f1"}
}
