TN:
SF:api/users.js
FN:8,(anonymous_0)
FN:17,(anonymous_1)
FN:22,(anonymous_2)
FN:30,(anonymous_3)
FN:35,(anonymous_4)
FNF:5
FNH:5
FNDA:4,(anonymous_0)
FNDA:3,(anonymous_1)
FNDA:1,(anonymous_2)
FNDA:4,(anonymous_3)
FNDA:5,(anonymous_4)
DA:1,1
DA:2,1
DA:3,1
DA:4,1
DA:5,1
DA:7,1
DA:8,1
DA:10,4
DA:11,4
DA:12,4
DA:17,1
DA:18,3
DA:19,1
DA:22,1
DA:23,1
DA:24,1
DA:27,1
DA:29,1
DA:31,4
DA:35,1
DA:36,5
DA:37,4
DA:39,4
DA:40,4
DA:42,4
DA:44,3
LF:26
LH:26
BRDA:31,0,0,1
BRDA:31,0,1,3
BRDA:36,1,0,1
BRDA:36,1,1,4
BRDA:36,2,0,5
BRDA:36,2,1,4
BRF:6
BRH:6
end_of_record
TN:
SF:src/db.js
FN:16,createIfNotExists
FN:29,(anonymous_1)
FN:35,(anonymous_2)
FN:45,migrate
FN:60,down
FN:64,createConnection
FN:94,getConnection
FNF:7
FNH:7
FNDA:6,createIfNotExists
FNDA:5,(anonymous_1)
FNDA:5,(anonymous_2)
FNDA:4,migrate
FNDA:3,down
FNDA:3,createConnection
FNDA:5,getConnection
DA:1,4
DA:2,4
DA:3,4
DA:4,4
DA:17,6
DA:18,5
DA:19,5
DA:20,5
DA:21,5
DA:22,5
DA:27,5
DA:28,5
DA:30,5
DA:31,1
DA:33,4
DA:36,5
DA:47,4
DA:48,3
DA:54,3
DA:55,3
DA:56,2
DA:57,2
DA:61,3
DA:65,3
DA:66,3
DA:67,3
DA:68,3
DA:69,3
DA:71,3
DA:72,3
DA:73,3
DA:74,3
DA:75,3
DA:77,3
DA:91,3
DA:95,5
DA:96,5
DA:99,4
LF:38
LH:38
BRDA:17,0,0,1
BRDA:17,0,1,5
BRDA:30,1,0,1
BRDA:30,1,1,4
BRDA:30,2,0,5
BRDA:30,2,1,4
BRDA:30,2,2,4
BRDA:47,3,0,1
BRDA:47,3,1,3
BRDA:61,4,0,3
BRDA:61,4,1,0
BRDA:65,5,0,0
BRDA:65,5,1,3
BRDA:66,6,0,0
BRDA:66,6,1,3
BRDA:67,7,0,0
BRDA:67,7,1,3
BRDA:68,8,0,0
BRDA:68,8,1,3
BRDA:69,9,0,0
BRDA:69,9,1,3
BRDA:95,10,0,0
BRDA:95,10,1,5
BRF:23
BRH:16
end_of_record
TN:
SF:src/middleware.js
FN:2,(anonymous_0)
FN:9,(anonymous_1)
FN:9,(anonymous_2)
FNF:3
FNH:3
FNDA:2,(anonymous_0)
FNDA:2,(anonymous_1)
FNDA:4,(anonymous_2)
DA:1,1
DA:3,2
DA:4,1
DA:6,1
DA:7,1
DA:9,2
DA:10,4
LF:7
LH:7
BRDA:3,0,0,1
BRDA:3,0,1,1
BRDA:3,1,0,2
BRDA:3,1,1,2
BRDA:3,1,2,1
BRDA:3,1,3,1
BRF:6
BRH:6
end_of_record
TN:
SF:src/users.js
FN:16,get
FN:20,getById
FNF:2
FNH:2
FNDA:1,get
FNDA:3,getById
DA:1,2
DA:2,2
DA:4,2
DA:10,2
DA:17,1
DA:21,3
DA:22,2
DA:23,2
DA:24,1
DA:27,2
LF:10
LH:10
BRDA:21,0,0,1
BRDA:21,0,1,2
BRDA:23,1,0,1
BRDA:23,1,1,1
BRF:4
BRH:4
end_of_record
TN:
SF:src/models/user.js
FN:4,(anonymous_0)
FN:12,(anonymous_1)
FN:15,(anonymous_2)
FNF:3
FNH:3
FNDA:2,(anonymous_0)
FNDA:1,(anonymous_1)
FNDA:1,(anonymous_2)
DA:1,3
DA:5,2
DA:6,2
DA:7,2
DA:8,1
DA:9,1
DA:13,1
DA:14,1
DA:15,1
DA:19,3
LF:10
LH:10
BRDA:7,0,0,1
BRDA:7,0,1,1
BRF:2
BRH:2
end_of_record
